#
# There is insufficient memory for the Java Runtime Environment to continue.
# Native memory allocation (malloc) failed to allocate 1048576 bytes for AllocateHeap
# Possible reasons:
#   The system is out of physical RAM or swap space
#   In 32 bit mode, the process size limit was hit
# Possible solutions:
#   Reduce memory load on the system
#   Increase physical memory or swap space
#   Check if swap backing store is full
#   Use 64 bit Java on a 64 bit OS
#   Decrease Java heap size (-Xmx/-Xms)
#   Decrease number of Java threads
#   Decrease Java thread stack sizes (-Xss)
#   Set larger code cache with -XX:ReservedCodeCacheSize=
# This output file may be truncated or incomplete.
#
#  Out of Memory Error (memory/allocation.inline.hpp:61), pid=23500, tid=0x0000000000005020
#
# JRE version:  (8.0) (build )
# Java VM: OpenJDK 64-Bit Server VM (25.71-b00 mixed mode windows-amd64 compressed oops)
# Failed to write core dump. Minidumps are not enabled by default on client versions of Windows
#

---------------  T H R E A D  ---------------

Current thread (0x00000000022ce800):  JavaThread "Unknown thread" [_thread_in_vm, id=20512, stack(0x00000000022d0000,0x00000000023d0000)]

Stack: [0x00000000022d0000,0x00000000023d0000]
[error occurred during error reporting (printing stack bounds), id 0xc0000005]

Native frames: (J=compiled Java code, j=interpreted, Vv=VM code, C=native code)


---------------  P R O C E S S  ---------------

Java Threads: ( => current thread )

Other Threads:

=>0x00000000022ce800 (exited) JavaThread "Unknown thread" [_thread_in_vm, id=20512, stack(0x00000000022d0000,0x00000000023d0000)]

VM state:not at safepoint (normal execution)

VM Mutex/Monitor currently owned by a thread: None

Heap:
 PSYoungGen      total 76288K, used 1310K [0x000000076b100000, 0x0000000770600000, 0x00000007c0000000)
  eden space 65536K, 2% used [0x000000076b100000,0x000000076b247af0,0x000000076f100000)
  from space 10752K, 0% used [0x000000076fb80000,0x000000076fb80000,0x0000000770600000)
  to   space 10752K, 0% used [0x000000076f100000,0x000000076f100000,0x000000076fb80000)
 ParOldGen       total 175104K, used 0K [0x00000006c1200000, 0x00000006cbd00000, 0x000000076b100000)
  object space 175104K, 0% used [0x00000006c1200000,0x00000006c1200000,0x00000006cbd00000)
 Metaspace       used 777K, capacity 4480K, committed 4480K, reserved 1056768K
  class space    used 74K, capacity 384K, committed 384K, reserved 1048576K

Card table byte_map: [0x00000000118e0000,0x00000000120e0000] byte_map_base: 0x000000000e2d7000

Marking Bits: (ParMarkBitMap*) 0x000000006d1fbe50
 Begin Bits: [0x0000000012a30000, 0x00000000169e8000)
 End Bits:   [0x00000000169e8000, 0x000000001a9a0000)

Polling page: 0x0000000000580000

CodeCache: size=245760Kb used=328Kb max_used=328Kb free=245431Kb
 bounds [0x0000000002520000, 0x0000000002790000, 0x0000000011520000]
 total_blobs=57 nmethods=0 adapters=38
 compilation: enabled

Compilation events (0 events):
No events

GC Heap History (0 events):
No events

Deoptimization events (0 events):
No events

Classes redefined (0 events):
No events

Internal exceptions (0 events):
No events

Events (10 events):
Event: 0.022 loading class java/lang/Short
Event: 0.022 loading class java/lang/Short done
Event: 0.022 loading class java/lang/Integer
Event: 0.022 loading class java/lang/Integer done
Event: 0.022 loading class java/lang/Long
Event: 0.022 loading class java/lang/Long done
Event: 0.023 loading class java/lang/NullPointerException
Event: 0.023 loading class java/lang/NullPointerException done
Event: 0.023 loading class java/lang/ArithmeticException
Event: 0.023 loading class java/lang/ArithmeticException done


Dynamic libraries:
0x00007ff7dd5a0000 - 0x00007ff7dd5d5000 	C:\Program Files\Unity2018\Editor\Data\PlaybackEngines\AndroidPlayer\Tools\OpenJDK\Windows\bin\java.exe
0x00007ff97b7d0000 - 0x00007ff97b9b1000 	C:\WINDOWS\SYSTEM32\ntdll.dll
0x00007ff97b5b0000 - 0x00007ff97b661000 	C:\WINDOWS\System32\KERNEL32.DLL
0x00007ff978110000 - 0x00007ff978383000 	C:\WINDOWS\System32\KERNELBASE.dll
0x00007ff978e30000 - 0x00007ff978ed1000 	C:\WINDOWS\System32\ADVAPI32.dll
0x00007ff97a650000 - 0x00007ff97a6ee000 	C:\WINDOWS\System32\msvcrt.dll
0x00007ff97b670000 - 0x00007ff97b6cb000 	C:\WINDOWS\System32\sechost.dll
0x00007ff97a7c0000 - 0x00007ff97a8e4000 	C:\WINDOWS\System32\RPCRT4.dll
0x00007ff97ab10000 - 0x00007ff97aca0000 	C:\WINDOWS\System32\USER32.dll
0x00007ff978af0000 - 0x00007ff978b10000 	C:\WINDOWS\System32\win32u.dll
0x00007ff97aad0000 - 0x00007ff97aaf8000 	C:\WINDOWS\System32\GDI32.dll
0x00007ff977f70000 - 0x00007ff978102000 	C:\WINDOWS\System32\gdi32full.dll
0x00007ff978b10000 - 0x00007ff978baf000 	C:\WINDOWS\System32\msvcp_win.dll
0x00007ff977df0000 - 0x00007ff977ee8000 	C:\WINDOWS\System32\ucrtbase.dll
0x00007ff967d60000 - 0x00007ff967fc9000 	C:\WINDOWS\WinSxS\amd64_microsoft.windows.common-controls_6595b64144ccf1df_6.0.17134.706_none_fb43a2cb30647007\COMCTL32.dll
0x00007ff97a320000 - 0x00007ff97a642000 	C:\WINDOWS\System32\combase.dll
0x00007ff977ef0000 - 0x00007ff977f6a000 	C:\WINDOWS\System32\bcryptPrimitives.dll
0x00007ff978c60000 - 0x00007ff978c8d000 	C:\WINDOWS\System32\IMM32.DLL
0x000000006d280000 - 0x000000006d352000 	C:\Program Files\Unity2018\Editor\Data\PlaybackEngines\AndroidPlayer\Tools\OpenJDK\Windows\jre\bin\msvcr100.dll
0x000000006ca30000 - 0x000000006d279000 	C:\Program Files\Unity2018\Editor\Data\PlaybackEngines\AndroidPlayer\Tools\OpenJDK\Windows\jre\bin\server\jvm.dll
0x00007ff97ab00000 - 0x00007ff97ab08000 	C:\WINDOWS\System32\PSAPI.DLL
0x00007ff9756a0000 - 0x00007ff9756c3000 	C:\WINDOWS\SYSTEM32\WINMM.dll
0x00007ff974210000 - 0x00007ff974219000 	C:\WINDOWS\SYSTEM32\WSOCK32.dll
0x00007ff961060000 - 0x00007ff96106a000 	C:\WINDOWS\SYSTEM32\VERSION.dll
0x00007ff97a6f0000 - 0x00007ff97a75c000 	C:\WINDOWS\System32\WS2_32.dll
0x00007ff975670000 - 0x00007ff97569a000 	C:\WINDOWS\SYSTEM32\WINMMBASE.dll
0x00007ff978aa0000 - 0x00007ff978ae9000 	C:\WINDOWS\System32\cfgmgr32.dll
0x00007ff974160000 - 0x00007ff97416f000 	C:\Program Files\Unity2018\Editor\Data\PlaybackEngines\AndroidPlayer\Tools\OpenJDK\Windows\jre\bin\verify.dll
0x00007ff965a50000 - 0x00007ff965a79000 	C:\Program Files\Unity2018\Editor\Data\PlaybackEngines\AndroidPlayer\Tools\OpenJDK\Windows\jre\bin\java.dll
0x00007ff96c630000 - 0x00007ff96c646000 	C:\Program Files\Unity2018\Editor\Data\PlaybackEngines\AndroidPlayer\Tools\OpenJDK\Windows\jre\bin\zip.dll

VM Arguments:
java_command: org.gradle.launcher.GradleMain -Dorg.gradle.jvmargs=-Xmx4096m
java_class_path (initial): C:\Program Files\Unity2018\Editor\Data\PlaybackEngines\AndroidPlayer\Tools\gradle\lib\gradle-launcher-4.6.jar
Launcher Type: SUN_STANDARD

Environment Variables:
JAVA_HOME=C:\Program Files\Unity2018\Editor\Data\PlaybackEngines\AndroidPlayer/Tools\OpenJDK\Windows
PATH=C:\Program Files (x86)\NVIDIA Corporation\PhysX\Common;C:\ProgramData\Oracle\Java\javapath;C:\WINDOWS\system32;C:\WINDOWS;C:\WINDOWS\System32\Wbem;C:\WINDOWS\System32\WindowsPowerShell\v1.0\;C:\Users\luisa\.dnx\bin;C:\Program Files\Microsoft DNX\Dnvm\;C:\Program Files\Microsoft SQL Server\130\Tools\Binn\;C:\Program Files\hla;C:\temp\assembly\hla;C:\Android;C:\Windows\System32;C:\TDM-GCC-64\bin;C:\Program Files (x86)\GtkSharp\2.12\bin;C:\WINDOWS\System32\OpenSSH\;C:\Program Files\CMake\bin;C:\Program Files (x86)\Microsoft VS Code\bin;C:\Users\luisa\AppData\Local\Microsoft\WindowsApps;C:\Program Files (x86)\SSH Communications Security\SSH Secure Shell;C:\Users\luisa\AppData\Local\Programs\Python\Python37;C:\Users\luisa\AppData\Local\Programs\Python\Python37\Scripts;C:\Users\luisa\AppData\Local\Programs\Microsoft VS Code\bin;C:\adb;C:\Program Files\dotnet\;C:\Program Files (x86)\Microsoft SQL Server\Client SDK\ODBC\130\Tools\Binn\;C:\Program Files (x86)\Microsoft SQL Server\140\Tools\Binn\;C:\Program Files (x86)\Microsoft SQL Server\140\DTS\Binn\;C:\Program Files (x86)\Microsoft SQL Server\140\Tools\Binn\ManagementStudio\;C:\Program Files (x86)\Microsoft VS Code\bin;C:\Users\luisa\AppData\Local\Microsoft\WindowsApps;C:\Program Files (x86)\SSH Communications Security\SSH Secure Shell;C:\Users\luisa\AppData\Local\Programs\Python\Python37;C:\Users\luisa\AppData\Local\Programs\Python\Python37\Scripts;C:\Users\luisa\AppData\Local\Programs\Microsoft VS Code\bin;C:\Program Files\Java\jdk1.8.0_91\bin;
USERNAME=luisa
OS=Windows_NT
PROCESSOR_IDENTIFIER=Intel64 Family 6 Model 78 Stepping 3, GenuineIntel



---------------  S Y S T E M  ---------------

OS: Windows 10.0 , 64 bit Build 17134 (10.0.17134.706)

CPU:total 4 (initial active 4) (2 cores per cpu, 2 threads per core) family 6 model 78 stepping 3, cmov, cx8, fxsr, mmx, sse, sse2, sse3, ssse3, sse4.1, sse4.2, popcnt, avx, avx2, aes, clmul, erms, rtm, 3dnowpref, lzcnt, ht, tsc, tscinvbit, bmi1, bmi2, adx

Memory: 4k page, physical 16700760k(2396108k free), swap 16700760k(6028k free)

vm_info: OpenJDK 64-Bit Server VM (25.71-b00) for windows-amd64 JRE (1.8.0-adoptopenjdk-_2018_05_19_00_59-b00), built on May 19 2018 01:02:12 by "jenkins" with MS VC++ 10.0 (VS2010)

time: Sun Apr 21 01:47:44 2019
elapsed time: 0 seconds (0d 0h 0m 0s)

